1665144305630	geckodriver	INFO	Listening on 127.0.0.1:5399
1665144308641	mozrunner::runner	INFO	Running command: "C:\\Program Files\\Mozilla Firefox\\firefox.exe" "--marionette" "--remote-debugging-port" "5400" "--remote-allow-hosts" "localhost" "-no-remote" "-profile" "C:\\Users\\Flaim92\\AppData\\Local\\Temp\\rust_mozprofilezzhS58"
1665144309024	Marionette	INFO	Marionette enabled
1665144309030	Marionette	INFO	Listening on port 5415
Read port: 5415
WebDriver BiDi listening on ws://127.0.0.1:5400
1665144309140	RemoteAgent	WARN	TLS certificate errors will be ignored for this session
console.warn: SearchSettings: "get: No settings file exists, new profile?" (new NotFoundError("Could not open the file at C:\\Users\\Flaim92\\AppData\\Local\\Temp\\rust_mozprofilezzhS58\\search.json.mozlz4", (void 0)))
DevTools listening on ws://127.0.0.1:5400/devtools/browser/15a6fa4d-4755-41d4-a439-4160901b27da
JavaScript warning: https://st2-11.vk.com/dist/web/grip.7ada28367f5da83dade5.js?9a82c4e69693912d9eda2383ea31b2f8, line 1: WEBGL_debug_renderer_info is deprecated in Firefox and will be removed. Please use RENDERER.
JavaScript warning: https://st2-11.vk.com/dist/web/grip.7ada28367f5da83dade5.js?9a82c4e69693912d9eda2383ea31b2f8, line 1: WEBGL_debug_renderer_info is deprecated in Firefox and will be removed. Please use RENDERER.
console.warn: LoginRecipes: "Falling back to a synchronous message for: https://vk.com."
console.warn: LoginRecipes: "Falling back to a synchronous message for: https://vk.com."
console.warn: LoginRecipes: "Falling back to a synchronous message for: https://vk.com."
console.warn: LoginRecipes: "Falling back to a synchronous message for: https://vk.com."
console.warn: LoginRecipes: "Falling back to a synchronous message for: https://id.vk.com."
console.warn: LoginRecipes: "Falling back to a synchronous message for: https://id.vk.com."
console.warn: LoginRecipes: "Falling back to a synchronous message for: https://id.vk.com."
console.warn: LoginRecipes: "Falling back to a synchronous message for: https://vk.com."
1665144350890	geckodriver	INFO	Listening on 127.0.0.1:5893
1665144353889	mozrunner::runner	INFO	Running command: "C:\\Program Files\\Mozilla Firefox\\firefox.exe" "--marionette" "--remote-debugging-port" "5894" "--remote-allow-hosts" "localhost" "-no-remote" "-profile" "C:\\Users\\Flaim92\\AppData\\Local\\Temp\\rust_mozprofile6qLJjO"
1665144354280	Marionette	INFO	Marionette enabled
1665144354287	Marionette	INFO	Listening on port 5903
Read port: 5903
WebDriver BiDi listening on ws://127.0.0.1:5894
1665144354403	RemoteAgent	WARN	TLS certificate errors will be ignored for this session
console.warn: SearchSettings: "get: No settings file exists, new profile?" (new NotFoundError("Could not open the file at C:\\Users\\Flaim92\\AppData\\Local\\Temp\\rust_mozprofile6qLJjO\\search.json.mozlz4", (void 0)))
DevTools listening on ws://127.0.0.1:5894/devtools/browser/d0518e12-e001-4756-aaf4-8920618ade0b
JavaScript warning: https://st2-11.vk.com/dist/web/grip.7ada28367f5da83dade5.js?9a82c4e69693912d9eda2383ea31b2f8, line 1: WEBGL_debug_renderer_info is deprecated in Firefox and will be removed. Please use RENDERER.
JavaScript warning: https://st2-11.vk.com/dist/web/grip.7ada28367f5da83dade5.js?9a82c4e69693912d9eda2383ea31b2f8, line 1: WEBGL_debug_renderer_info is deprecated in Firefox and will be removed. Please use RENDERER.
console.warn: LoginRecipes: "Falling back to a synchronous message for: https://vk.com."
console.warn: LoginRecipes: "Falling back to a synchronous message for: https://vk.com."
console.warn: LoginRecipes: "Falling back to a synchronous message for: https://vk.com."
console.warn: LoginRecipes: "Falling back to a synchronous message for: https://vk.com."
console.warn: LoginRecipes: "Falling back to a synchronous message for: https://id.vk.com."
console.warn: LoginRecipes: "Falling back to a synchronous message for: https://id.vk.com."
console.warn: LoginRecipes: "Falling back to a synchronous message for: https://id.vk.com."
JavaScript error: https://st2-11.vk.com/dist/web/notifier.75b6719e445b650484c9.js?, line 1: ChunkLoadError: Loading chunk 23299 failed.
(error: https://vk.com/dist/3bad6e117063d3681bf4f60574b483cc.51d76581a1ee0c0e8fa7.js)
console.warn: LoginRecipes: "Falling back to a synchronous message for: https://vk.com."
1665144389705	geckodriver	INFO	Listening on 127.0.0.1:6368
1665144392709	mozrunner::runner	INFO	Running command: "C:\\Program Files\\Mozilla Firefox\\firefox.exe" "--marionette" "--remote-debugging-port" "6369" "--remote-allow-hosts" "localhost" "-no-remote" "-profile" "C:\\Users\\Flaim92\\AppData\\Local\\Temp\\rust_mozprofileuxNkLG"
1665144393137	Marionette	INFO	Marionette enabled
1665144393143	Marionette	INFO	Listening on port 6378
Read port: 6378
WebDriver BiDi listening on ws://127.0.0.1:6369
1665144393293	RemoteAgent	WARN	TLS certificate errors will be ignored for this session
console.warn: SearchSettings: "get: No settings file exists, new profile?" (new NotFoundError("Could not open the file at C:\\Users\\Flaim92\\AppData\\Local\\Temp\\rust_mozprofileuxNkLG\\search.json.mozlz4", (void 0)))
DevTools listening on ws://127.0.0.1:6369/devtools/browser/8b6cf1e7-99e0-49ed-b9a0-fcde515c3b85
JavaScript warning: https://st2-11.vk.com/dist/web/grip.7ada28367f5da83dade5.js?9a82c4e69693912d9eda2383ea31b2f8, line 1: WEBGL_debug_renderer_info is deprecated in Firefox and will be removed. Please use RENDERER.
JavaScript warning: https://st2-11.vk.com/dist/web/grip.7ada28367f5da83dade5.js?9a82c4e69693912d9eda2383ea31b2f8, line 1: WEBGL_debug_renderer_info is deprecated in Firefox and will be removed. Please use RENDERER.
console.warn: LoginRecipes: "Falling back to a synchronous message for: https://vk.com."
console.warn: LoginRecipes: "Falling back to a synchronous message for: https://vk.com."
console.warn: LoginRecipes: "Falling back to a synchronous message for: https://vk.com."
console.warn: LoginRecipes: "Falling back to a synchronous message for: https://vk.com."
console.warn: LoginRecipes: "Falling back to a synchronous message for: https://id.vk.com."
console.warn: LoginRecipes: "Falling back to a synchronous message for: https://id.vk.com."
console.warn: LoginRecipes: "Falling back to a synchronous message for: https://id.vk.com."
1665144416028	Marionette	WARN	Ignoring event 'DOMContentLoaded' because document has an invalid readyState of 'complete'.
console.warn: LoginRecipes: "Falling back to a synchronous message for: https://vk.com."
1665144428321	geckodriver	INFO	Listening on 127.0.0.1:6844
1665144431318	mozrunner::runner	INFO	Running command: "C:\\Program Files\\Mozilla Firefox\\firefox.exe" "--marionette" "--remote-debugging-port" "6845" "--remote-allow-hosts" "localhost" "-no-remote" "-profile" "C:\\Users\\Flaim92\\AppData\\Local\\Temp\\rust_mozprofileIsLiBt"
1665144431756	Marionette	INFO	Marionette enabled
1665144431762	Marionette	INFO	Listening on port 6854
Read port: 6854
WebDriver BiDi listening on ws://127.0.0.1:6845
1665144431885	RemoteAgent	WARN	TLS certificate errors will be ignored for this session
console.warn: SearchSettings: "get: No settings file exists, new profile?" (new NotFoundError("Could not open the file at C:\\Users\\Flaim92\\AppData\\Local\\Temp\\rust_mozprofileIsLiBt\\search.json.mozlz4", (void 0)))
DevTools listening on ws://127.0.0.1:6845/devtools/browser/f1b0123a-963c-4cdb-b37e-576760d99838
JavaScript warning: https://st2-11.vk.com/dist/web/grip.7ada28367f5da83dade5.js?9a82c4e69693912d9eda2383ea31b2f8, line 1: WEBGL_debug_renderer_info is deprecated in Firefox and will be removed. Please use RENDERER.
JavaScript warning: https://st2-11.vk.com/dist/web/grip.7ada28367f5da83dade5.js?9a82c4e69693912d9eda2383ea31b2f8, line 1: WEBGL_debug_renderer_info is deprecated in Firefox and will be removed. Please use RENDERER.
console.warn: LoginRecipes: "Falling back to a synchronous message for: https://vk.com."
console.warn: LoginRecipes: "Falling back to a synchronous message for: https://vk.com."
console.warn: LoginRecipes: "Falling back to a synchronous message for: https://vk.com."
console.warn: LoginRecipes: "Falling back to a synchronous message for: https://vk.com."
console.warn: LoginRecipes: "Falling back to a synchronous message for: https://id.vk.com."
console.warn: LoginRecipes: "Falling back to a synchronous message for: https://id.vk.com."
console.warn: LoginRecipes: "Falling back to a synchronous message for: https://id.vk.com."
1665144455104	Marionette	WARN	Ignoring event 'DOMContentLoaded' because document has an invalid readyState of 'complete'.
JavaScript error: https://vk.com/amigusanonimus21, line 839: SecurityError: Permission denied to access property "handlePageParams" on cross-origin object
console.warn: LoginRecipes: "Falling back to a synchronous message for: https://vk.com."
1665144556439	geckodriver	INFO	Listening on 127.0.0.1:1558
1665144559449	mozrunner::runner	INFO	Running command: "C:\\Program Files\\Mozilla Firefox\\firefox.exe" "--marionette" "--remote-debugging-port" "1559" "--remote-allow-hosts" "localhost" "-no-remote" "-profile" "C:\\Users\\Flaim92\\AppData\\Local\\Temp\\rust_mozprofilenJiXH4"
1665144559864	Marionette	INFO	Marionette enabled
1665144559869	Marionette	INFO	Listening on port 1568
WebDriver BiDi listening on ws://127.0.0.1:1559
Read port: 1568
1665144560100	RemoteAgent	WARN	TLS certificate errors will be ignored for this session
console.warn: SearchSettings: "get: No settings file exists, new profile?" (new NotFoundError("Could not open the file at C:\\Users\\Flaim92\\AppData\\Local\\Temp\\rust_mozprofilenJiXH4\\search.json.mozlz4", (void 0)))
DevTools listening on ws://127.0.0.1:1559/devtools/browser/ab4da362-b16e-4147-a1e0-449a4397e13b
JavaScript warning: https://st2-11.vk.com/dist/web/grip.7ada28367f5da83dade5.js?9a82c4e69693912d9eda2383ea31b2f8, line 1: WEBGL_debug_renderer_info is deprecated in Firefox and will be removed. Please use RENDERER.
JavaScript warning: https://st2-11.vk.com/dist/web/grip.7ada28367f5da83dade5.js?9a82c4e69693912d9eda2383ea31b2f8, line 1: WEBGL_debug_renderer_info is deprecated in Firefox and will be removed. Please use RENDERER.
console.warn: LoginRecipes: "Falling back to a synchronous message for: https://vk.com."
console.warn: LoginRecipes: "Falling back to a synchronous message for: https://vk.com."
console.warn: LoginRecipes: "Falling back to a synchronous message for: https://vk.com."
console.warn: LoginRecipes: "Falling back to a synchronous message for: https://vk.com."
console.warn: LoginRecipes: "Falling back to a synchronous message for: https://id.vk.com."
console.warn: LoginRecipes: "Falling back to a synchronous message for: https://id.vk.com."
console.warn: LoginRecipes: "Falling back to a synchronous message for: https://id.vk.com."
console.warn: LoginRecipes: "Falling back to a synchronous message for: https://vk.com."
1665144601654	geckodriver	INFO	Listening on 127.0.0.1:2054
1665144604651	mozrunner::runner	INFO	Running command: "C:\\Program Files\\Mozilla Firefox\\firefox.exe" "--marionette" "--remote-debugging-port" "2055" "--remote-allow-hosts" "localhost" "-no-remote" "-profile" "C:\\Users\\Flaim92\\AppData\\Local\\Temp\\rust_mozprofileYzjnLc"
1665144831989	geckodriver	INFO	Listening on 127.0.0.1:2206
1665144834994	mozrunner::runner	INFO	Running command: "C:\\Program Files\\Mozilla Firefox\\firefox.exe" "--marionette" "--remote-debugging-port" "2207" "--remote-allow-hosts" "localhost" "-no-remote" "-profile" "C:\\Users\\Flaim92\\AppData\\Local\\Temp\\rust_mozprofile8UFjgK"
1665144835507	Marionette	INFO	Marionette enabled
1665144835513	Marionette	INFO	Listening on port 2216
Read port: 2216
WebDriver BiDi listening on ws://127.0.0.1:2207
1665144835668	RemoteAgent	WARN	TLS certificate errors will be ignored for this session
console.warn: SearchSettings: "get: No settings file exists, new profile?" (new NotFoundError("Could not open the file at C:\\Users\\Flaim92\\AppData\\Local\\Temp\\rust_mozprofile8UFjgK\\search.json.mozlz4", (void 0)))
DevTools listening on ws://127.0.0.1:2207/devtools/browser/3c51a6d4-38a8-408e-a3da-4ece421e0e90
JavaScript warning: https://st2-11.vk.com/dist/web/grip.7ada28367f5da83dade5.js?9a82c4e69693912d9eda2383ea31b2f8, line 1: WEBGL_debug_renderer_info is deprecated in Firefox and will be removed. Please use RENDERER.
JavaScript warning: https://st2-11.vk.com/dist/web/grip.7ada28367f5da83dade5.js?9a82c4e69693912d9eda2383ea31b2f8, line 1: WEBGL_debug_renderer_info is deprecated in Firefox and will be removed. Please use RENDERER.
console.warn: LoginRecipes: "Falling back to a synchronous message for: https://vk.com."
console.warn: LoginRecipes: "Falling back to a synchronous message for: https://vk.com."
console.warn: LoginRecipes: "Falling back to a synchronous message for: https://vk.com."
console.warn: LoginRecipes: "Falling back to a synchronous message for: https://vk.com."
console.warn: LoginRecipes: "Falling back to a synchronous message for: https://id.vk.com."
console.warn: LoginRecipes: "Falling back to a synchronous message for: https://id.vk.com."
console.warn: LoginRecipes: "Falling back to a synchronous message for: https://id.vk.com."
console.warn: LoginRecipes: "Falling back to a synchronous message for: https://vk.com."
1665144887642	Marionette	INFO	Stopped listening on port 2216
console.warn: TopSitesFeed: Failed to fetch data from Contile server: NetworkError when attempting to fetch resource.
remote-debugging-port" "2706" "--remote-allow-hosts" "localhost" "-no-remote" "-profile" "C:\\Users\\Flaim92\\AppData\\Local\\Temp\\rust_mozprofileFKkqbx"
1665144880973	Marionette	INFO	Marionette enabled
1665144880979	Marionette	INFO	Listening on port 2715
Read port: 2715
WebDriver BiDi listening on ws://127.0.0.1:2706
1665144881108	RemoteAgent	WARN	TLS certificate errors will be ignored for this session
console.warn: SearchSettings: "get: No settings file exists, new profile?" (new NotFoundError("Could not open the file at C:\\Users\\Flaim92\\AppData\\Local\\Temp\\rust_mozprofileFKkqbx\\search.json.mozlz4", (void 0)))
DevTools listening on ws://127.0.0.1:2706/devtools/browser/27ccbb0b-c589-47c6-8f66-6a8184beef75
JavaScript warning: https://st2-11.vk.com/dist/web/grip.7ada28367f5da83dade5.js?9a82c4e69693912d9eda2383ea31b2f8, line 1: WEBGL_debug_renderer_info is deprecated in Firefox and will be removed. Please use RENDERER.
JavaScript warning: https://st2-11.vk.com/dist/web/grip.7ada28367f5da83dade5.js?9a82c4e69693912d9eda2383ea31b2f8, line 1: WEBGL_debug_renderer_info is deprecated in Firefox and will be removed. Please use RENDERER.
1665144885789	Marionette	INFO	Stopped listening on port 2715
console.warn: TopSitesFeed: Failed to fetch data from Contile server: NetworkError when attempting to fetch resource.
